0 info it worked if it ends with ok
1 verbose cli [ 'C:\\Program Files\\nodejs\\node.exe',
1 verbose cli   'C:\\Program Files\\nodejs\\node_modules\\npm\\bin\\npm-cli.js',
1 verbose cli   'run',
1 verbose cli   'build' ]
2 info using npm@3.10.10
3 info using node@v6.10.0
4 verbose run-script [ 'prebuild', 'build', 'postbuild' ]
5 info lifecycle pdf.js@0.8.0~prebuild: pdf.js@0.8.0
6 silly lifecycle pdf.js@0.8.0~prebuild: no script for prebuild, continuing
7 info lifecycle pdf.js@0.8.0~build: pdf.js@0.8.0
8 verbose lifecycle pdf.js@0.8.0~build: unsafe-perm in lifecycle true
9 verbose lifecycle pdf.js@0.8.0~build: PATH: C:\Program Files\nodejs\node_modules\npm\bin\node-gyp-bin;C:\Users\DGVault\WebstormProjects\New_QC\node_modules\.bin;C:\Program Files (x86)\Intel\iCLS Client\;C:\Program Files\Intel\iCLS Client\;C:\Windows\system32;C:\Windows;C:\Windows\System32\Wbem;C:\Windows\System32\WindowsPowerShell\v1.0\;C:\Program Files (x86)\Intel\Intel(R) Management Engine Components\DAL;C:\Program Files\Intel\Intel(R) Management Engine Components\DAL;C:\Program Files (x86)\Intel\Intel(R) Management Engine Components\IPT;C:\Program Files\Intel\Intel(R) Management Engine Components\IPT;C:\Program Files (x86)\NVIDIA Corporation\PhysX\Common;C:\WINDOWS\system32;C:\WINDOWS;C:\WINDOWS\System32\Wbem;C:\WINDOWS\System32\WindowsPowerShell\v1.0\;C:\Program Files\Git\cmd;C:\Program Files\nodejs\;C:\Users\DGVault\AppData\Local\Microsoft\WindowsApps;C:\Users\DGVault\AppData\Roaming\npm
10 verbose lifecycle pdf.js@0.8.0~build: CWD: C:\Users\DGVault\WebstormProjects\New_QC
11 silly lifecycle pdf.js@0.8.0~build: Args: [ '/d /s /c', 'broswerify pdf_reader.js -o bundle.js' ]
12 silly lifecycle pdf.js@0.8.0~build: Returned: code: 1  signal: null
13 info lifecycle pdf.js@0.8.0~build: Failed to exec build script
14 verbose stack Error: pdf.js@0.8.0 build: `broswerify pdf_reader.js -o bundle.js`
14 verbose stack Exit status 1
14 verbose stack     at EventEmitter.<anonymous> (C:\Program Files\nodejs\node_modules\npm\lib\utils\lifecycle.js:255:16)
14 verbose stack     at emitTwo (events.js:106:13)
14 verbose stack     at EventEmitter.emit (events.js:191:7)
14 verbose stack     at ChildProcess.<anonymous> (C:\Program Files\nodejs\node_modules\npm\lib\utils\spawn.js:40:14)
14 verbose stack     at emitTwo (events.js:106:13)
14 verbose stack     at ChildProcess.emit (events.js:191:7)
14 verbose stack     at maybeClose (internal/child_process.js:877:16)
14 verbose stack     at Process.ChildProcess._handle.onexit (internal/child_process.js:226:5)
15 verbose pkgid pdf.js@0.8.0
16 verbose cwd C:\Users\DGVault\WebstormProjects\New_QC
17 error Windows_NT 10.0.14393
18 error argv "C:\\Program Files\\nodejs\\node.exe" "C:\\Program Files\\nodejs\\node_modules\\npm\\bin\\npm-cli.js" "run" "build"
19 error node v6.10.0
20 error npm  v3.10.10
21 error code ELIFECYCLE
22 error pdf.js@0.8.0 build: `broswerify pdf_reader.js -o bundle.js`
22 error Exit status 1
23 error Failed at the pdf.js@0.8.0 build script 'broswerify pdf_reader.js -o bundle.js'.
23 error Make sure you have the latest version of node.js and npm installed.
23 error If you do, this is most likely a problem with the pdf.js package,
23 error not with npm itself.
23 error Tell the author that this fails on your system:
23 error     broswerify pdf_reader.js -o bundle.js
23 error You can get information on how to open an issue for this project with:
23 error     npm bugs pdf.js
23 error Or if that isn't available, you can get their info via:
23 error     npm owner ls pdf.js
23 error There is likely additional logging output above.
24 verbose exit [ 1, true ]
